  Pillar.cpp
C:\Users\gameuser\Desktop\FlappyBird\FlappyBird\FlappyBird_ANN_BP\Pillar.cpp(42,29): warning C4244: 'argument': conversion from 'int' to 'float', possible loss of data
C:\Users\gameuser\Desktop\FlappyBird\FlappyBird\FlappyBird_ANN_BP\Pillar.cpp(43,51): warning C4244: 'argument': conversion from 'int' to 'T', possible loss of data
          with
          [
              T=float
          ]
C:\Users\gameuser\Desktop\FlappyBird\FlappyBird\FlappyBird_ANN_BP\Pillar.cpp(43,38): warning C4244: 'argument': conversion from 'int' to 'T', possible loss of data
          with
          [
              T=float
          ]
C:\Users\gameuser\Desktop\FlappyBird\FlappyBird\FlappyBird_ANN_BP\Pillar.cpp(46,32): warning C4244: 'argument': conversion from 'int' to 'float', possible loss of data
C:\Users\gameuser\Desktop\FlappyBird\FlappyBird\FlappyBird_ANN_BP\Pillar.cpp(46,29): warning C4244: 'argument': conversion from 'int' to 'float', possible loss of data
C:\Users\gameuser\Desktop\FlappyBird\FlappyBird\FlappyBird_ANN_BP\Pillar.cpp(47,51): warning C4244: 'argument': conversion from 'int' to 'T', possible loss of data
          with
          [
              T=float
          ]
C:\Users\gameuser\Desktop\FlappyBird\FlappyBird\FlappyBird_ANN_BP\Pillar.cpp(47,38): warning C4244: 'argument': conversion from 'int' to 'T', possible loss of data
          with
          [
              T=float
          ]
C:\Users\gameuser\Desktop\FlappyBird\FlappyBird\FlappyBird_ANN_BP\Pillar.cpp(62,29): warning C4244: 'argument': conversion from 'int' to 'float', possible loss of data
C:\Users\gameuser\Desktop\FlappyBird\FlappyBird\FlappyBird_ANN_BP\Pillar.cpp(63,51): warning C4244: 'argument': conversion from 'int' to 'T', possible loss of data
          with
          [
              T=float
          ]
C:\Users\gameuser\Desktop\FlappyBird\FlappyBird\FlappyBird_ANN_BP\Pillar.cpp(63,38): warning C4244: 'argument': conversion from 'int' to 'T', possible loss of data
          with
          [
              T=float
          ]
C:\Users\gameuser\Desktop\FlappyBird\FlappyBird\FlappyBird_ANN_BP\Pillar.cpp(65,32): warning C4244: 'argument': conversion from 'int' to 'float', possible loss of data
C:\Users\gameuser\Desktop\FlappyBird\FlappyBird\FlappyBird_ANN_BP\Pillar.cpp(65,29): warning C4244: 'argument': conversion from 'int' to 'float', possible loss of data
C:\Users\gameuser\Desktop\FlappyBird\FlappyBird\FlappyBird_ANN_BP\Pillar.cpp(66,51): warning C4244: 'argument': conversion from 'int' to 'T', possible loss of data
          with
          [
              T=float
          ]
C:\Users\gameuser\Desktop\FlappyBird\FlappyBird\FlappyBird_ANN_BP\Pillar.cpp(66,38): warning C4244: 'argument': conversion from 'int' to 'T', possible loss of data
          with
          [
              T=float
          ]
  FlappyBird_ANN_BP.vcxproj -> C:\Users\gameuser\Desktop\FlappyBird\FlappyBird\Debug\FlappyBird_ANN_BP.exe
