  Bird.cpp
C:\Users\gameuser\Desktop\FlappyBird_ANN_BP(2)\FlappyBird_ANN_BP\FlappyBird_ANN_BP\Bird.cpp(34,27): warning C4244: 'argument': conversion from 'int' to 'float', possible loss of data
C:\Users\gameuser\Desktop\FlappyBird_ANN_BP(2)\FlappyBird_ANN_BP\FlappyBird_ANN_BP\Bird.cpp(34,24): warning C4244: 'argument': conversion from 'int' to 'float', possible loss of data
C:\Users\gameuser\Desktop\FlappyBird_ANN_BP(2)\FlappyBird_ANN_BP\FlappyBird_ANN_BP\Bird.cpp(35,36): warning C4244: 'argument': conversion from 'int' to 'T', possible loss of data
          with
          [
              T=float
          ]
C:\Users\gameuser\Desktop\FlappyBird_ANN_BP(2)\FlappyBird_ANN_BP\FlappyBird_ANN_BP\Bird.cpp(35,33): warning C4244: 'argument': conversion from 'int' to 'T', possible loss of data
          with
          [
              T=float
          ]
C:\Users\gameuser\Desktop\FlappyBird_ANN_BP(2)\FlappyBird_ANN_BP\FlappyBird_ANN_BP\Bird.cpp(52,27): warning C4244: 'argument': conversion from 'int' to 'float', possible loss of data
C:\Users\gameuser\Desktop\FlappyBird_ANN_BP(2)\FlappyBird_ANN_BP\FlappyBird_ANN_BP\Bird.cpp(52,24): warning C4244: 'argument': conversion from 'int' to 'float', possible loss of data
C:\Users\gameuser\Desktop\FlappyBird_ANN_BP(2)\FlappyBird_ANN_BP\FlappyBird_ANN_BP\Bird.cpp(54,23): warning C4305: '+=': truncation from 'double' to 'float'
C:\Users\gameuser\Desktop\FlappyBird_ANN_BP(2)\FlappyBird_ANN_BP\FlappyBird_ANN_BP\Bird.cpp(55,12): warning C4244: '=': conversion from 'float' to 'int', possible loss of data
C:\Users\gameuser\Desktop\FlappyBird_ANN_BP(2)\FlappyBird_ANN_BP\FlappyBird_ANN_BP\Bird.cpp(59,13): warning C4244: '=': conversion from 'float' to 'int', possible loss of data
C:\Users\gameuser\Desktop\FlappyBird_ANN_BP(2)\FlappyBird_ANN_BP\FlappyBird_ANN_BP\Bird.cpp(66,13): warning C4244: '=': conversion from 'float' to 'int', possible loss of data
C:\Users\gameuser\Desktop\FlappyBird_ANN_BP(2)\FlappyBird_ANN_BP\FlappyBird_ANN_BP\Bird.cpp(72,13): warning C4244: '=': conversion from 'float' to 'int', possible loss of data
C:\Users\gameuser\Desktop\FlappyBird_ANN_BP(2)\FlappyBird_ANN_BP\FlappyBird_ANN_BP\Bird.cpp(88,22): warning C4838: conversion from 'int' to 'float' requires a narrowing conversion
C:\Users\gameuser\Desktop\FlappyBird_ANN_BP(2)\FlappyBird_ANN_BP\FlappyBird_ANN_BP\Bird.cpp(88,22): warning C4244: 'initializing': conversion from 'int' to 'float', possible loss of data
C:\Users\gameuser\Desktop\FlappyBird_ANN_BP(2)\FlappyBird_ANN_BP\FlappyBird_ANN_BP\Bird.cpp(88,31): warning C4838: conversion from 'int' to 'float' requires a narrowing conversion
C:\Users\gameuser\Desktop\FlappyBird_ANN_BP(2)\FlappyBird_ANN_BP\FlappyBird_ANN_BP\Bird.cpp(88,31): warning C4244: 'initializing': conversion from 'int' to 'float', possible loss of data
C:\Users\gameuser\Desktop\FlappyBird_ANN_BP(2)\FlappyBird_ANN_BP\FlappyBird_ANN_BP\Bird.cpp(88,45): warning C4838: conversion from 'int' to 'float' requires a narrowing conversion
C:\Users\gameuser\Desktop\FlappyBird_ANN_BP(2)\FlappyBird_ANN_BP\FlappyBird_ANN_BP\Bird.cpp(88,45): warning C4244: 'initializing': conversion from 'int' to 'float', possible loss of data
C:\Users\gameuser\Desktop\FlappyBird_ANN_BP(2)\FlappyBird_ANN_BP\FlappyBird_ANN_BP\Bird.cpp(88,59): warning C4838: conversion from 'int' to 'float' requires a narrowing conversion
C:\Users\gameuser\Desktop\FlappyBird_ANN_BP(2)\FlappyBird_ANN_BP\FlappyBird_ANN_BP\Bird.cpp(88,59): warning C4244: 'initializing': conversion from 'int' to 'float', possible loss of data
C:\Users\gameuser\Desktop\FlappyBird_ANN_BP(2)\FlappyBird_ANN_BP\FlappyBird_ANN_BP\Bird.cpp(88,62): warning C4838: conversion from 'int' to 'float' requires a narrowing conversion
C:\Users\gameuser\Desktop\FlappyBird_ANN_BP(2)\FlappyBird_ANN_BP\FlappyBird_ANN_BP\Bird.cpp(88,62): warning C4244: 'initializing': conversion from 'int' to 'float', possible loss of data
C:\Users\gameuser\Desktop\FlappyBird_ANN_BP(2)\FlappyBird_ANN_BP\FlappyBird_ANN_BP\Bird.cpp(111,42): warning C4244: 'argument': conversion from 'int' to 'T', possible loss of data
          with
          [
              T=float
          ]
C:\Users\gameuser\Desktop\FlappyBird_ANN_BP(2)\FlappyBird_ANN_BP\FlappyBird_ANN_BP\Bird.cpp(111,32): warning C4244: 'argument': conversion from 'int' to 'T', possible loss of data
          with
          [
              T=float
          ]
C:\Users\gameuser\Desktop\FlappyBird_ANN_BP(2)\FlappyBird_ANN_BP\FlappyBird_ANN_BP\Bird.cpp(116,42): warning C4244: 'argument': conversion from 'int' to 'T', possible loss of data
          with
          [
              T=float
          ]
C:\Users\gameuser\Desktop\FlappyBird_ANN_BP(2)\FlappyBird_ANN_BP\FlappyBird_ANN_BP\Bird.cpp(116,32): warning C4244: 'argument': conversion from 'int' to 'T', possible loss of data
          with
          [
              T=float
          ]
  Brain.cpp
C:\Users\gameuser\Desktop\FlappyBird_ANN_BP(2)\FlappyBird_ANN_BP\FlappyBird_ANN_BP\Brain.cpp(146,13): warning C4244: 'return': conversion from 'double' to 'float', possible loss of data
  Game.cpp
C:\Users\gameuser\Desktop\FlappyBird_ANN_BP(2)\FlappyBird_ANN_BP\FlappyBird_ANN_BP\Game.cpp(70,12): warning C4244: 'argument': conversion from 'time_t' to 'unsigned int', possible loss of data
C:\Users\gameuser\Desktop\FlappyBird_ANN_BP(2)\FlappyBird_ANN_BP\FlappyBird_ANN_BP\Game.cpp(74,33): warning C4244: 'argument': conversion from 'double' to 'int', possible loss of data
C:\Users\gameuser\Desktop\FlappyBird_ANN_BP(2)\FlappyBird_ANN_BP\FlappyBird_ANN_BP\Game.cpp(388,41): warning C4244: 'argument': conversion from 'int' to 'T', possible loss of data
          with
          [
              T=float
          ]
C:\Users\gameuser\Desktop\FlappyBird_ANN_BP(2)\FlappyBird_ANN_BP\FlappyBird_ANN_BP\Game.cpp(402,33): warning C4244: 'argument': conversion from 'double' to 'int', possible loss of data
  Main.cpp
C:\Users\gameuser\Desktop\FlappyBird_ANN_BP(2)\FlappyBird_ANN_BP\FlappyBird_ANN_BP\Main.cpp(25,12): warning C4244: 'argument': conversion from 'time_t' to 'unsigned int', possible loss of data
  Pillar.cpp
C:\Users\gameuser\Desktop\FlappyBird_ANN_BP(2)\FlappyBird_ANN_BP\FlappyBird_ANN_BP\Pillar.cpp(42,29): warning C4244: 'argument': conversion from 'int' to 'float', possible loss of data
C:\Users\gameuser\Desktop\FlappyBird_ANN_BP(2)\FlappyBird_ANN_BP\FlappyBird_ANN_BP\Pillar.cpp(43,51): warning C4244: 'argument': conversion from 'int' to 'T', possible loss of data
          with
          [
              T=float
          ]
C:\Users\gameuser\Desktop\FlappyBird_ANN_BP(2)\FlappyBird_ANN_BP\FlappyBird_ANN_BP\Pillar.cpp(43,38): warning C4244: 'argument': conversion from 'int' to 'T', possible loss of data
          with
          [
              T=float
          ]
C:\Users\gameuser\Desktop\FlappyBird_ANN_BP(2)\FlappyBird_ANN_BP\FlappyBird_ANN_BP\Pillar.cpp(46,32): warning C4244: 'argument': conversion from 'int' to 'float', possible loss of data
C:\Users\gameuser\Desktop\FlappyBird_ANN_BP(2)\FlappyBird_ANN_BP\FlappyBird_ANN_BP\Pillar.cpp(46,29): warning C4244: 'argument': conversion from 'int' to 'float', possible loss of data
C:\Users\gameuser\Desktop\FlappyBird_ANN_BP(2)\FlappyBird_ANN_BP\FlappyBird_ANN_BP\Pillar.cpp(47,51): warning C4244: 'argument': conversion from 'int' to 'T', possible loss of data
          with
          [
              T=float
          ]
C:\Users\gameuser\Desktop\FlappyBird_ANN_BP(2)\FlappyBird_ANN_BP\FlappyBird_ANN_BP\Pillar.cpp(47,38): warning C4244: 'argument': conversion from 'int' to 'T', possible loss of data
          with
          [
              T=float
          ]
C:\Users\gameuser\Desktop\FlappyBird_ANN_BP(2)\FlappyBird_ANN_BP\FlappyBird_ANN_BP\Pillar.cpp(62,29): warning C4244: 'argument': conversion from 'int' to 'float', possible loss of data
C:\Users\gameuser\Desktop\FlappyBird_ANN_BP(2)\FlappyBird_ANN_BP\FlappyBird_ANN_BP\Pillar.cpp(63,51): warning C4244: 'argument': conversion from 'int' to 'T', possible loss of data
          with
          [
              T=float
          ]
C:\Users\gameuser\Desktop\FlappyBird_ANN_BP(2)\FlappyBird_ANN_BP\FlappyBird_ANN_BP\Pillar.cpp(63,38): warning C4244: 'argument': conversion from 'int' to 'T', possible loss of data
          with
          [
              T=float
          ]
C:\Users\gameuser\Desktop\FlappyBird_ANN_BP(2)\FlappyBird_ANN_BP\FlappyBird_ANN_BP\Pillar.cpp(65,32): warning C4244: 'argument': conversion from 'int' to 'float', possible loss of data
C:\Users\gameuser\Desktop\FlappyBird_ANN_BP(2)\FlappyBird_ANN_BP\FlappyBird_ANN_BP\Pillar.cpp(65,29): warning C4244: 'argument': conversion from 'int' to 'float', possible loss of data
C:\Users\gameuser\Desktop\FlappyBird_ANN_BP(2)\FlappyBird_ANN_BP\FlappyBird_ANN_BP\Pillar.cpp(66,51): warning C4244: 'argument': conversion from 'int' to 'T', possible loss of data
          with
          [
              T=float
          ]
C:\Users\gameuser\Desktop\FlappyBird_ANN_BP(2)\FlappyBird_ANN_BP\FlappyBird_ANN_BP\Pillar.cpp(66,38): warning C4244: 'argument': conversion from 'int' to 'T', possible loss of data
          with
          [
              T=float
          ]
  Population.cpp
  Generating Code...
Bird.obj : error LNK2019: unresolved external symbol "__declspec(dllimport) public: void __cdecl sf::Transformable::setPosition(float,float)" (__imp_?setPosition@Transformable@sf@@QEAAXMM@Z) referenced in function "public: void __cdecl Bird::init(class sf::Color)" (?init@Bird@@QEAAXVColor@sf@@@Z)
Pillar.obj : error LNK2001: unresolved external symbol "__declspec(dllimport) public: void __cdecl sf::Transformable::setPosition(float,float)" (__imp_?setPosition@Transformable@sf@@QEAAXMM@Z)
Bird.obj : error LNK2019: unresolved external symbol "__declspec(dllimport) public: __cdecl sf::Color::Color(void)" (__imp_??0Color@sf@@QEAA@XZ) referenced in function "public: __cdecl Bird::Bird(void)" (??0Bird@@QEAA@XZ)
Pillar.obj : error LNK2001: unresolved external symbol "__declspec(dllimport) public: __cdecl sf::Color::Color(void)" (__imp_??0Color@sf@@QEAA@XZ)
Bird.obj : error LNK2019: unresolved external symbol "__declspec(dllimport) public: __cdecl sf::Vertex::Vertex(class sf::Vector2<float> const &)" (__imp_??0Vertex@sf@@QEAA@AEBV?$Vector2@M@1@@Z) referenced in function "public: __cdecl Bird::Bird(void)" (??0Bird@@QEAA@XZ)
Bird.obj : error LNK2019: unresolved external symbol "__declspec(dllimport) public: void __cdecl sf::Shape::setFillColor(class sf::Color const &)" (__imp_?setFillColor@Shape@sf@@QEAAXAEBVColor@2@@Z) referenced in function "public: void __cdecl Bird::init(class sf::Color)" (?init@Bird@@QEAAXVColor@sf@@@Z)
Pillar.obj : error LNK2001: unresolved external symbol "__declspec(dllimport) public: void __cdecl sf::Shape::setFillColor(class sf::Color const &)" (__imp_?setFillColor@Shape@sf@@QEAAXAEBVColor@2@@Z)
Bird.obj : error LNK2019: unresolved external symbol "__declspec(dllimport) public: class sf::Rect<float> __cdecl sf::Shape::getGlobalBounds(void)const " (__imp_?getGlobalBounds@Shape@sf@@QEBA?AV?$Rect@M@2@XZ) referenced in function "public: void __cdecl Bird::update(class Pillar)" (?update@Bird@@QEAAXVPillar@@@Z)
Bird.obj : error LNK2019: unresolved external symbol "__declspec(dllimport) public: __cdecl sf::RectangleShape::RectangleShape(class sf::Vector2<float> const &)" (__imp_??0RectangleShape@sf@@QEAA@AEBV?$Vector2@M@1@@Z) referenced in function "public: __cdecl Bird::Bird(void)" (??0Bird@@QEAA@XZ)
Pillar.obj : error LNK2001: unresolved external symbol "__declspec(dllimport) public: __cdecl sf::RectangleShape::RectangleShape(class sf::Vector2<float> const &)" (__imp_??0RectangleShape@sf@@QEAA@AEBV?$Vector2@M@1@@Z)
Bird.obj : error LNK2019: unresolved external symbol "__declspec(dllimport) public: void __cdecl sf::RectangleShape::setSize(class sf::Vector2<float> const &)" (__imp_?setSize@RectangleShape@sf@@QEAAXAEBV?$Vector2@M@2@@Z) referenced in function "public: void __cdecl Bird::init(class sf::Color)" (?init@Bird@@QEAAXVColor@sf@@@Z)
Pillar.obj : error LNK2001: unresolved external symbol "__declspec(dllimport) public: void __cdecl sf::RectangleShape::setSize(class sf::Vector2<float> const &)" (__imp_?setSize@RectangleShape@sf@@QEAAXAEBV?$Vector2@M@2@@Z)
Bird.obj : error LNK2019: unresolved external symbol "__declspec(dllimport) public: class sf::Vector2<float> const & __cdecl sf::RectangleShape::getSize(void)const " (__imp_?getSize@RectangleShape@sf@@QEBAAEBV?$Vector2@M@2@XZ) referenced in function "public: void __cdecl Bird::draw(class sf::RenderWindow &,class Pillar)" (?draw@Bird@@QEAAXAEAVRenderWindow@sf@@VPillar@@@Z)
Bird.obj : error LNK2019: unresolved external symbol "__declspec(dllimport) public: virtual __cdecl sf::RectangleShape::~RectangleShape(void)" (__imp_??1RectangleShape@sf@@UEAA@XZ) referenced in function "int `public: __cdecl Bird::Bird(void)'::`1'::dtor$0" (?dtor$0@?0???0Bird@@QEAA@XZ@4HA)
Game.obj : error LNK2001: unresolved external symbol "__declspec(dllimport) public: virtual __cdecl sf::RectangleShape::~RectangleShape(void)" (__imp_??1RectangleShape@sf@@UEAA@XZ)
Pillar.obj : error LNK2001: unresolved external symbol "__declspec(dllimport) public: virtual __cdecl sf::RectangleShape::~RectangleShape(void)" (__imp_??1RectangleShape@sf@@UEAA@XZ)
Population.obj : error LNK2001: unresolved external symbol "__declspec(dllimport) public: virtual __cdecl sf::RectangleShape::~RectangleShape(void)" (__imp_??1RectangleShape@sf@@UEAA@XZ)
Bird.obj : error LNK2019: unresolved external symbol "__declspec(dllimport) public: void __cdecl sf::RenderTarget::draw(class sf::Drawable const &,class sf::RenderStates const &)" (__imp_?draw@RenderTarget@sf@@QEAAXAEBVDrawable@2@AEBVRenderStates@2@@Z) referenced in function "public: void __cdecl Bird::draw(class sf::RenderWindow &,class Pillar)" (?draw@Bird@@QEAAXAEAVRenderWindow@sf@@VPillar@@@Z)
Game.obj : error LNK2001: unresolved external symbol "__declspec(dllimport) public: void __cdecl sf::RenderTarget::draw(class sf::Drawable const &,class sf::RenderStates const &)" (__imp_?draw@RenderTarget@sf@@QEAAXAEBVDrawable@2@AEBVRenderStates@2@@Z)
Pillar.obj : error LNK2001: unresolved external symbol "__declspec(dllimport) public: void __cdecl sf::RenderTarget::draw(class sf::Drawable const &,class sf::RenderStates const &)" (__imp_?draw@RenderTarget@sf@@QEAAXAEBVDrawable@2@AEBVRenderStates@2@@Z)
Bird.obj : error LNK2019: unresolved external symbol "__declspec(dllimport) public: void __cdecl sf::RenderTarget::draw(class sf::Vertex const *,unsigned __int64,enum sf::PrimitiveType,class sf::RenderStates const &)" (__imp_?draw@RenderTarget@sf@@QEAAXPEBVVertex@2@_KW4PrimitiveType@2@AEBVRenderStates@2@@Z) referenced in function "public: void __cdecl Bird::draw(class sf::RenderWindow &,class Pillar)" (?draw@Bird@@QEAAXAEAVRenderWindow@sf@@VPillar@@@Z)
Bird.obj : error LNK2019: unresolved external symbol "__declspec(dllimport) public: static class sf::RenderStates const sf::RenderStates::Default" (__imp_?Default@RenderStates@sf@@2V12@B) referenced in function "public: void __cdecl Bird::draw(class sf::RenderWindow &,class Pillar)" (?draw@Bird@@QEAAXAEAVRenderWindow@sf@@VPillar@@@Z)
Game.obj : error LNK2001: unresolved external symbol "__declspec(dllimport) public: static class sf::RenderStates const sf::RenderStates::Default" (__imp_?Default@RenderStates@sf@@2V12@B)
Pillar.obj : error LNK2001: unresolved external symbol "__declspec(dllimport) public: static class sf::RenderStates const sf::RenderStates::Default" (__imp_?Default@RenderStates@sf@@2V12@B)
Game.obj : error LNK2019: unresolved external symbol "__declspec(dllimport) class sf::Time __cdecl sf::seconds(float)" (__imp_?seconds@sf@@YA?AVTime@1@M@Z) referenced in function "public: void __cdecl Game::loop(void)" (?loop@Game@@QEAAXXZ)
Game.obj : error LNK2019: unresolved external symbol "__declspec(dllimport) bool __cdecl sf::operator>(class sf::Time,class sf::Time)" (__imp_??Osf@@YA_NVTime@0@0@Z) referenced in function "public: void __cdecl Game::loop(void)" (?loop@Game@@QEAAXXZ)
Game.obj : error LNK2019: unresolved external symbol "__declspec(dllimport) class sf::Time & __cdecl sf::operator+=(class sf::Time &,class sf::Time)" (__imp_??Ysf@@YAAEAVTime@0@AEAV10@V10@@Z) referenced in function "public: void __cdecl Game::loop(void)" (?loop@Game@@QEAAXXZ)
Game.obj : error LNK2019: unresolved external symbol "__declspec(dllimport) class sf::Time & __cdecl sf::operator-=(class sf::Time &,class sf::Time)" (__imp_??Zsf@@YAAEAVTime@0@AEAV10@V10@@Z) referenced in function "public: void __cdecl Game::loop(void)" (?loop@Game@@QEAAXXZ)
Game.obj : error LNK2019: unresolved external symbol "__declspec(dllimport) public: __cdecl sf::Clock::Clock(void)" (__imp_??0Clock@sf@@QEAA@XZ) referenced in function "public: void __cdecl Game::loop(void)" (?loop@Game@@QEAAXXZ)
Game.obj : error LNK2019: unresolved external symbol "__declspec(dllimport) public: class sf::Time __cdecl sf::Clock::restart(void)" (__imp_?restart@Clock@sf@@QEAA?AVTime@2@XZ) referenced in function "public: void __cdecl Game::loop(void)" (?loop@Game@@QEAAXXZ)
Game.obj : error LNK2019: unresolved external symbol "__declspec(dllimport) public: __cdecl sf::String::String(char const *,class std::locale const &)" (__imp_??0String@sf@@QEAA@PEBDAEBVlocale@std@@@Z) referenced in function "public: __cdecl Game::Game(void)" (??0Game@@QEAA@XZ)
Game.obj : error LNK2019: unresolved external symbol "__declspec(dllimport) public: __cdecl sf::String::String(class std::basic_string<char,struct std::char_traits<char>,class std::allocator<char> > const &,class std::locale const &)" (__imp_??0String@sf@@QEAA@AEBV?$basic_string@DU?$char_traits@D@std@@V?$allocator@D@2@@std@@AEBVlocale@3@@Z) referenced in function "public: void __cdecl Game::draw(void)" (?draw@Game@@QEAAXXZ)
Game.obj : error LNK2019: unresolved external symbol "__declspec(dllimport) public: __cdecl sf::String::~String(void)" (__imp_??1String@sf@@QEAA@XZ) referenced in function "public: __cdecl Game::Game(void)" (??0Game@@QEAA@XZ)
Game.obj : error LNK2019: unresolved external symbol "__declspec(dllimport) public: static bool __cdecl sf::Keyboard::isKeyPressed(enum sf::Keyboard::Key)" (__imp_?isKeyPressed@Keyboard@sf@@SA_NW4Key@12@@Z) referenced in function "public: void __cdecl Game::update(float)" (?update@Game@@QEAAXM@Z)
Game.obj : error LNK2019: unresolved external symbol "__declspec(dllimport) public: __cdecl sf::VideoMode::VideoMode(unsigned int,unsigned int,unsigned int)" (__imp_??0VideoMode@sf@@QEAA@III@Z) referenced in function "public: __cdecl Game::Game(void)" (??0Game@@QEAA@XZ)
Game.obj : error LNK2019: unresolved external symbol "__declspec(dllimport) public: void __cdecl sf::Window::close(void)" (__imp_?close@Window@sf@@QEAAXXZ) referenced in function "public: void __cdecl Game::loop(void)" (?loop@Game@@QEAAXXZ)
Game.obj : error LNK2019: unresolved external symbol "__declspec(dllimport) public: bool __cdecl sf::Window::isOpen(void)const " (__imp_?isOpen@Window@sf@@QEBA_NXZ) referenced in function "public: void __cdecl Game::loop(void)" (?loop@Game@@QEAAXXZ)
Game.obj : error LNK2019: unresolved external symbol "__declspec(dllimport) public: bool __cdecl sf::Window::pollEvent(class sf::Event &)" (__imp_?pollEvent@Window@sf@@QEAA_NAEAVEvent@2@@Z) referenced in function "public: void __cdecl Game::loop(void)" (?loop@Game@@QEAAXXZ)
Game.obj : error LNK2019: unresolved external symbol "__declspec(dllimport) public: void __cdecl sf::Window::setFramerateLimit(unsigned int)" (__imp_?setFramerateLimit@Window@sf@@QEAAXI@Z) referenced in function "public: __cdecl Game::Game(void)" (??0Game@@QEAA@XZ)
Game.obj : error LNK2019: unresolved external symbol "__declspec(dllimport) public: void __cdecl sf::Window::display(void)" (__imp_?display@Window@sf@@QEAAXXZ) referenced in function "public: void __cdecl Game::draw(void)" (?draw@Game@@QEAAXXZ)
Game.obj : error LNK2019: unresolved external symbol "__declspec(dllimport) public: void __cdecl sf::Transformable::setPosition(class sf::Vector2<float> const &)" (__imp_?setPosition@Transformable@sf@@QEAAXAEBV?$Vector2@M@2@@Z) referenced in function "public: __cdecl Game::Game(void)" (??0Game@@QEAA@XZ)
Game.obj : error LNK2019: unresolved external symbol "__declspec(dllimport) public: __cdecl sf::Color::Color(unsigned char,unsigned char,unsigned char,unsigned char)" (__imp_??0Color@sf@@QEAA@EEEE@Z) referenced in function "public: void __cdecl Game::draw(void)" (?draw@Game@@QEAAXXZ)
Population.obj : error LNK2001: unresolved external symbol "__declspec(dllimport) public: __cdecl sf::Color::Color(unsigned char,unsigned char,unsigned char,unsigned char)" (__imp_??0Color@sf@@QEAA@EEEE@Z)
Game.obj : error LNK2019: unresolved external symbol "__declspec(dllimport) public: __cdecl sf::VertexArray::VertexArray(void)" (__imp_??0VertexArray@sf@@QEAA@XZ) referenced in function "public: __cdecl Game::Game(void)" (??0Game@@QEAA@XZ)
Game.obj : error LNK2019: unresolved external symbol "__declspec(dllimport) public: virtual __cdecl sf::VertexArray::~VertexArray(void)" (__imp_??1VertexArray@sf@@UEAA@XZ) referenced in function "int `public: __cdecl Game::Game(void)'::`1'::dtor$7" (?dtor$7@?0???0Game@@QEAA@XZ@4HA)
Game.obj : error LNK2019: unresolved external symbol "__declspec(dllimport) public: __cdecl sf::Font::Font(void)" (__imp_??0Font@sf@@QEAA@XZ) referenced in function "public: __cdecl Game::Game(void)" (??0Game@@QEAA@XZ)
Game.obj : error LNK2019: unresolved external symbol "__declspec(dllimport) public: __cdecl sf::Font::~Font(void)" (__imp_??1Font@sf@@QEAA@XZ) referenced in function "int `public: __cdecl Game::Game(void)'::`1'::dtor$6" (?dtor$6@?0???0Game@@QEAA@XZ@4HA)
Game.obj : error LNK2019: unresolved external symbol "__declspec(dllimport) public: bool __cdecl sf::Font::loadFromFile(class std::basic_string<char,struct std::char_traits<char>,class std::allocator<char> > const &)" (__imp_?loadFromFile@Font@sf@@QEAA_NAEBV?$basic_string@DU?$char_traits@D@std@@V?$allocator@D@2@@std@@@Z) referenced in function "public: __cdecl Game::Game(void)" (??0Game@@QEAA@XZ)
Game.obj : error LNK2019: unresolved external symbol "__declspec(dllimport) public: __cdecl sf::RectangleShape::RectangleShape(class sf::RectangleShape const &)" (__imp_??0RectangleShape@sf@@QEAA@AEBV01@@Z) referenced in function "public: __cdecl Pillar::Pillar(class Pillar const &)" (??0Pillar@@QEAA@AEBV0@@Z)
Population.obj : error LNK2001: unresolved external symbol "__declspec(dllimport) public: __cdecl sf::RectangleShape::RectangleShape(class sf::RectangleShape const &)" (__imp_??0RectangleShape@sf@@QEAA@AEBV01@@Z)
Game.obj : error LNK2019: unresolved external symbol "__declspec(dllimport) public: void __cdecl sf::RenderTarget::clear(class sf::Color const &)" (__imp_?clear@RenderTarget@sf@@QEAAXAEBVColor@2@@Z) referenced in function "public: void __cdecl Game::draw(void)" (?draw@Game@@QEAAXXZ)
    Hint on symbols that are defined and could potentially match:
      "__declspec(dllimport) public: void __cdecl std::basic_ios<char,struct std::char_traits<char> >::clear(int,bool)" (__imp_?clear@?$basic_ios@DU?$char_traits@D@std@@@std@@QEAAXH_N@Z)
Game.obj : error LNK2019: unresolved external symbol "__declspec(dllimport) public: __cdecl sf::RenderWindow::RenderWindow(class sf::VideoMode,class sf::String const &,unsigned int,struct sf::ContextSettings const &)" (__imp_??0RenderWindow@sf@@QEAA@VVideoMode@1@AEBVString@1@IAEBUContextSettings@1@@Z) referenced in function "public: __cdecl Game::Game(void)" (??0Game@@QEAA@XZ)
Game.obj : error LNK2019: unresolved external symbol "__declspec(dllimport) public: virtual __cdecl sf::RenderWindow::~RenderWindow(void)" (__imp_??1RenderWindow@sf@@UEAA@XZ) referenced in function "int `public: __cdecl Game::Game(void)'::`1'::dtor$5" (?dtor$5@?0???0Game@@QEAA@XZ@4HA)
Game.obj : error LNK2019: unresolved external symbol "__declspec(dllimport) public: __cdecl sf::Text::Text(void)" (__imp_??0Text@sf@@QEAA@XZ) referenced in function "public: __cdecl Game::Game(void)" (??0Game@@QEAA@XZ)
Game.obj : error LNK2019: unresolved external symbol "__declspec(dllimport) public: void __cdecl sf::Text::setString(class sf::String const &)" (__imp_?setString@Text@sf@@QEAAXAEBVString@2@@Z) referenced in function "public: __cdecl Game::Game(void)" (??0Game@@QEAA@XZ)
Game.obj : error LNK2019: unresolved external symbol "__declspec(dllimport) public: void __cdecl sf::Text::setFont(class sf::Font const &)" (__imp_?setFont@Text@sf@@QEAAXAEBVFont@2@@Z) referenced in function "public: __cdecl Game::Game(void)" (??0Game@@QEAA@XZ)
Game.obj : error LNK2019: unresolved external symbol "__declspec(dllimport) public: void __cdecl sf::Text::setCharacterSize(unsigned int)" (__imp_?setCharacterSize@Text@sf@@QEAAXI@Z) referenced in function "public: __cdecl Game::Game(void)" (??0Game@@QEAA@XZ)
Game.obj : error LNK2019: unresolved external symbol "__declspec(dllimport) public: void __cdecl sf::Text::setFillColor(class sf::Color const &)" (__imp_?setFillColor@Text@sf@@QEAAXAEBVColor@2@@Z) referenced in function "public: __cdecl Game::Game(void)" (??0Game@@QEAA@XZ)
Game.obj : error LNK2019: unresolved external symbol "__declspec(dllimport) public: void __cdecl sf::Text::setOutlineThickness(float)" (__imp_?setOutlineThickness@Text@sf@@QEAAXM@Z) referenced in function "public: __cdecl Game::Game(void)" (??0Game@@QEAA@XZ)
Game.obj : error LNK2019: unresolved external symbol "__declspec(dllimport) public: virtual __cdecl sf::Text::~Text(void)" (__imp_??1Text@sf@@UEAA@XZ) referenced in function "int `public: __cdecl Game::Game(void)'::`1'::dtor$2" (?dtor$2@?0???0Game@@QEAA@XZ@4HA)
Game.obj : error LNK2019: unresolved external symbol "__declspec(dllimport) public: static class sf::Time const sf::Time::Zero" (__imp_?Zero@Time@sf@@2V12@B) referenced in function "public: void __cdecl Game::loop(void)" (?loop@Game@@QEAAXXZ)
Game.obj : error LNK2019: unresolved external symbol "__declspec(dllimport) public: static class sf::Color const sf::Color::White" (__imp_?White@Color@sf@@2V12@B) referenced in function "public: __cdecl Game::Game(void)" (??0Game@@QEAA@XZ)
Game.obj : error LNK2019: unresolved external symbol "__declspec(dllimport) public: static class sf::Color const sf::Color::Red" (__imp_?Red@Color@sf@@2V12@B) referenced in function "public: void __cdecl Game::draw(void)" (?draw@Game@@QEAAXXZ)
Game.obj : error LNK2019: unresolved external symbol "__declspec(dllimport) public: static class sf::Color const sf::Color::Green" (__imp_?Green@Color@sf@@2V12@B) referenced in function "public: void __cdecl Game::draw(void)" (?draw@Game@@QEAAXXZ)
Game.obj : error LNK2019: unresolved external symbol "__declspec(dllimport) public: static class sf::Color const sf::Color::Cyan" (__imp_?Cyan@Color@sf@@2V12@B) referenced in function "public: void __cdecl Game::draw(void)" (?draw@Game@@QEAAXXZ)
Pillar.obj : error LNK2001: unresolved external symbol "__declspec(dllimport) public: static class sf::Color const sf::Color::Cyan" (__imp_?Cyan@Color@sf@@2V12@B)
C:\SFML-2.5.1\lib\sfml-graphics-d.lib : warning LNK4272: library machine type 'x86' conflicts with target machine type 'x64'
C:\SFML-2.5.1\lib\sfml-audio-d.lib : warning LNK4272: library machine type 'x86' conflicts with target machine type 'x64'
C:\SFML-2.5.1\lib\sfml-system-d.lib : warning LNK4272: library machine type 'x86' conflicts with target machine type 'x64'
C:\SFML-2.5.1\lib\sfml-window-d.lib : warning LNK4272: library machine type 'x86' conflicts with target machine type 'x64'
C:\SFML-2.5.1\lib\sfml-network-d.lib : warning LNK4272: library machine type 'x86' conflicts with target machine type 'x64'
C:\Users\gameuser\Desktop\FlappyBird_ANN_BP(2)\FlappyBird_ANN_BP\x64\Debug\FlappyBird_ANN_BP.exe : fatal error LNK1120: 51 unresolved externals
